# JRE version: OpenJDK Runtime Environment Temurin-21.0.8+9 (21.0.8+9) (build 21.0.8+9-LTS)
# Java VM: OpenJDK 64-Bit Server VM Temurin-21.0.8+9 (21.0.8+9-LTS, mixed mode, sharing, tiered, compressed oops, compressed class ptrs, g1 gc, windows-amd64)
GC Precious Log:
 CardTable entry size: 512
 Card Set container configuration: InlinePtr #cards 5 size 8 Array Of Cards #cards 12 size 40 Howl #buckets 4 coarsen threshold 1843 Howl Bitmap #cards 512 size 80 coarsen threshold 460 Card regions per heap region 1 cards per card region 2048
 CPUs: 16 total, 16 available
 Memory: 7860M
 Large Page Support: Disabled
 NUMA Support: Disabled
 Compressed Oops: Enabled (32-bit)
 Heap Region Size: 1M
 Heap Min Capacity: 8M
 Heap Initial Capacity: 124M
 Heap Max Capacity: 1966M
 Pre-touch: Disabled
 Parallel Workers: 13
 Concurrent Workers: 3
 Concurrent Refinement Workers: 13
 Periodic GC: Disabled
Heap:
 garbage-first heap   total 235520K, used 95531K [0x0000000085200000, 0x0000000100000000)
  region size 1024K, 28 young (28672K), 2 survivors (2048K)
 Metaspace       used 111511K, committed 112512K, reserved 1179648K
  class space    used 18563K, committed 19072K, reserved 1048576K
GC Heap History (20 events):
Event: 1798.901 GC heap before
{Heap before GC invocations=59 (full 0):
 garbage-first heap   total 242688K, used 215621K [0x0000000085200000, 0x0000000100000000)
  region size 1024K, 142 young (145408K), 1 survivors (1024K)
 Metaspace       used 111230K, committed 112192K, reserved 1179648K
  class space    used 18632K, committed 19072K, reserved 1048576K
}
Event: 1798.907 GC heap after
{Heap after GC invocations=60 (full 0):
 garbage-first heap   total 242688K, used 72392K [0x0000000085200000, 0x0000000100000000)
  region size 1024K, 1 young (1024K), 1 survivors (1024K)
 Metaspace       used 111230K, committed 112192K, reserved 1179648K
  class space    used 18632K, committed 19072K, reserved 1048576K
}
Event: 1801.610 GC heap before
{Heap before GC invocations=60 (full 0):
 garbage-first heap   total 242688K, used 216776K [0x0000000085200000, 0x0000000100000000)
  region size 1024K, 142 young (145408K), 1 survivors (1024K)
 Metaspace       used 111230K, committed 112192K, reserved 1179648K
  class space    used 18632K, committed 19072K, reserved 1048576K
}
Event: 1801.620 GC heap after
{Heap after GC invocations=61 (full 0):
 garbage-first heap   total 242688K, used 71802K [0x0000000085200000, 0x0000000100000000)
  region size 1024K, 1 young (1024K), 1 survivors (1024K)
 Metaspace       used 111230K, committed 112192K, reserved 1179648K
  class space    used 18632K, committed 19072K, reserved 1048576K
}
Event: 1891.096 GC heap before
{Heap before GC invocations=61 (full 0):
 garbage-first heap   total 242688K, used 216186K [0x0000000085200000, 0x0000000100000000)
  region size 1024K, 142 young (145408K), 1 survivors (1024K)
 Metaspace       used 111233K, committed 112192K, reserved 1179648K
  class space    used 18632K, committed 19072K, reserved 1048576K
}
Event: 1891.243 GC heap after
{Heap after GC invocations=62 (full 0):
 garbage-first heap   total 242688K, used 72071K [0x0000000085200000, 0x0000000100000000)
  region size 1024K, 2 young (2048K), 2 survivors (2048K)
 Metaspace       used 111233K, committed 112192K, reserved 1179648K
  class space    used 18632K, committed 19072K, reserved 1048576K
}
Event: 1924.883 GC heap before
{Heap before GC invocations=63 (full 0):
 garbage-first heap   total 242688K, used 215431K [0x0000000085200000, 0x0000000100000000)
  region size 1024K, 142 young (145408K), 2 survivors (2048K)
 Metaspace       used 111250K, committed 112256K, reserved 1179648K
  class space    used 18633K, committed 19072K, reserved 1048576K
}
Event: 1924.900 GC heap after
{Heap after GC invocations=64 (full 0):
 garbage-first heap   total 242688K, used 72449K [0x0000000085200000, 0x0000000100000000)
  region size 1024K, 2 young (2048K), 2 survivors (2048K)
 Metaspace       used 111250K, committed 112256K, reserved 1179648K
  class space    used 18633K, committed 19072K, reserved 1048576K
}
Event: 2157.370 GC heap before
{Heap before GC invocations=64 (full 0):
 garbage-first heap   total 242688K, used 215809K [0x0000000085200000, 0x0000000100000000)
  region size 1024K, 142 young (145408K), 2 survivors (2048K)
 Metaspace       used 111302K, committed 112256K, reserved 1179648K
  class space    used 18633K, committed 19072K, reserved 1048576K
}
Event: 2157.470 GC heap after
{Heap after GC invocations=65 (full 0):
 garbage-first heap   total 242688K, used 72677K [0x0000000085200000, 0x0000000100000000)
  region size 1024K, 3 young (3072K), 3 survivors (3072K)
 Metaspace       used 111302K, committed 112256K, reserved 1179648K
  class space    used 18633K, committed 19072K, reserved 1048576K
}
Event: 2218.410 GC heap before
{Heap before GC invocations=65 (full 0):
 garbage-first heap   total 242688K, used 215013K [0x0000000085200000, 0x0000000100000000)
  region size 1024K, 142 young (145408K), 3 survivors (3072K)
 Metaspace       used 111310K, committed 112256K, reserved 1179648K
  class space    used 18633K, committed 19072K, reserved 1048576K
}
Event: 2218.484 GC heap after
{Heap after GC invocations=66 (full 0):
 garbage-first heap   total 242688K, used 72471K [0x0000000085200000, 0x0000000100000000)
  region size 1024K, 2 young (2048K), 2 survivors (2048K)
 Metaspace       used 111310K, committed 112256K, reserved 1179648K
  class space    used 18633K, committed 19072K, reserved 1048576K
}
Event: 2278.639 GC heap before
{Heap before GC invocations=67 (full 0):
 garbage-first heap   total 242688K, used 214807K [0x0000000085200000, 0x0000000100000000)
  region size 1024K, 142 young (145408K), 2 survivors (2048K)
 Metaspace       used 110724K, committed 112256K, reserved 1179648K
  class space    used 18474K, committed 19072K, reserved 1048576K
}
Event: 2278.723 GC heap after
{Heap after GC invocations=68 (full 0):
 garbage-first heap   total 242688K, used 73102K [0x0000000085200000, 0x0000000100000000)
  region size 1024K, 3 young (3072K), 3 survivors (3072K)
 Metaspace       used 110724K, committed 112256K, reserved 1179648K
  class space    used 18474K, committed 19072K, reserved 1048576K
}
Event: 2338.944 GC heap before
{Heap before GC invocations=68 (full 0):
 garbage-first heap   total 242688K, used 214414K [0x0000000085200000, 0x0000000100000000)
  region size 1024K, 142 young (145408K), 3 survivors (3072K)
 Metaspace       used 110732K, committed 112256K, reserved 1179648K
  class space    used 18474K, committed 19072K, reserved 1048576K
}
Event: 2339.087 GC heap after
{Heap after GC invocations=69 (full 0):
 garbage-first heap   total 242688K, used 69656K [0x0000000085200000, 0x0000000100000000)
  region size 1024K, 2 young (2048K), 2 survivors (2048K)
 Metaspace       used 110732K, committed 112256K, reserved 1179648K
  class space    used 18474K, committed 19072K, reserved 1048576K
}
Event: 2399.392 GC heap before
{Heap before GC invocations=69 (full 0):
 garbage-first heap   total 242688K, used 213016K [0x0000000085200000, 0x0000000100000000)
  region size 1024K, 142 young (145408K), 2 survivors (2048K)
 Metaspace       used 110732K, committed 112256K, reserved 1179648K
  class space    used 18474K, committed 19072K, reserved 1048576K
}
Event: 2399.437 GC heap after
{Heap after GC invocations=70 (full 0):
 garbage-first heap   total 242688K, used 69820K [0x0000000085200000, 0x0000000100000000)
  region size 1024K, 2 young (2048K), 2 survivors (2048K)
 Metaspace       used 110732K, committed 112256K, reserved 1179648K
  class space    used 18474K, committed 19072K, reserved 1048576K
}
Event: 2457.891 GC heap before
{Heap before GC invocations=71 (full 0):
 garbage-first heap   total 235520K, used 209084K [0x0000000085200000, 0x0000000100000000)
  region size 1024K, 138 young (141312K), 2 survivors (2048K)
 Metaspace       used 110733K, committed 112256K, reserved 1179648K
  class space    used 18474K, committed 19072K, reserved 1048576K
}
Event: 2457.920 GC heap after
{Heap after GC invocations=72 (full 0):
 garbage-first heap   total 235520K, used 69931K [0x0000000085200000, 0x0000000100000000)
  region size 1024K, 2 young (2048K), 2 survivors (2048K)
 Metaspace       used 110733K, committed 112256K, reserved 1179648K
  class space    used 18474K, committed 19072K, reserved 1048576K
}

