# JRE version: Java(TM) SE Runtime Environment (24.0+36) (build 24+36-3646)
# Java VM: Java HotSpot(TM) 64-Bit Server VM (24+36-3646, mixed mode, sharing, tiered, compressed oops, compressed class ptrs, g1 gc, windows-amd64)
GC Precious Log:
 CardTable entry size: 512
 Card Set container configuration: InlinePtr #cards 5 size 8 Array Of Cards #cards 10 size 36 Howl #buckets 4 coarsen threshold 1843 Howl Bitmap #cards 512 size 80 coarsen threshold 460 Card regions per heap region 1 cards per card region 2048
 CPUs: 16 total, 16 available
 Memory: 7860M
 Large Page Support: Disabled
 NUMA Support: Disabled
 Compressed Oops: Enabled (32-bit)
 Heap Region Size: 1M
 Heap Min Capacity: 8M
 Heap Initial Capacity: 124M
 Heap Max Capacity: 1966M
 Pre-touch: Disabled
 Parallel Workers: 13
 Concurrent Workers: 3
 Concurrent Refinement Workers: 13
 Periodic GC: Disabled
Heap:
 garbage-first heap   total reserved 2013184K, committed 72704K, used 37563K [0x0000000085200000, 0x0000000100000000)
  region size 1024K, 5 young (5120K), 3 survivors (3072K)
 Metaspace       used 56938K, committed 57472K, reserved 1114112K
  class space    used 6202K, committed 6400K, reserved 1048576K
GC Heap History (18 events):
Event: 1.401 GC heap before
{Heap before GC invocations=0 (full 0):
 garbage-first heap   total reserved 2013184K, committed 129024K, used 55412K [0x0000000085200000, 0x0000000100000000)
  region size 1024K, 47 young (48128K), 0 survivors (0K)
 Metaspace       used 10244K, committed 10496K, reserved 1114112K
  class space    used 969K, committed 1088K, reserved 1048576K
}
Event: 1.412 GC heap after
{Heap after GC invocations=1 (full 0):
 garbage-first heap   total reserved 2013184K, committed 129024K, used 13428K [0x0000000085200000, 0x0000000100000000)
  region size 1024K, 6 young (6144K), 6 survivors (6144K)
 Metaspace       used 10244K, committed 10496K, reserved 1114112K
  class space    used 969K, committed 1088K, reserved 1048576K
}
Event: 2.469 GC heap before
{Heap before GC invocations=1 (full 0):
 garbage-first heap   total reserved 2013184K, committed 129024K, used 58484K [0x0000000085200000, 0x0000000100000000)
  region size 1024K, 52 young (53248K), 6 survivors (6144K)
 Metaspace       used 21202K, committed 21504K, reserved 1114112K
  class space    used 2174K, committed 2304K, reserved 1048576K
}
Event: 2.479 GC heap after
{Heap after GC invocations=2 (full 0):
 garbage-first heap   total reserved 2013184K, committed 129024K, used 17987K [0x0000000085200000, 0x0000000100000000)
  region size 1024K, 4 young (4096K), 4 survivors (4096K)
 Metaspace       used 21202K, committed 21504K, reserved 1114112K
  class space    used 2174K, committed 2304K, reserved 1048576K
}
Event: 3.974 GC heap before
{Heap before GC invocations=3 (full 0):
 garbage-first heap   total reserved 2013184K, committed 65536K, used 64067K [0x0000000085200000, 0x0000000100000000)
  region size 1024K, 49 young (50176K), 4 survivors (4096K)
 Metaspace       used 27502K, committed 27776K, reserved 1114112K
  class space    used 2719K, committed 2816K, reserved 1048576K
}
Event: 3.985 GC heap after
{Heap after GC invocations=4 (full 0):
 garbage-first heap   total reserved 2013184K, committed 72704K, used 21435K [0x0000000085200000, 0x0000000100000000)
  region size 1024K, 7 young (7168K), 7 survivors (7168K)
 Metaspace       used 27502K, committed 27776K, reserved 1114112K
  class space    used 2719K, committed 2816K, reserved 1048576K
}
Event: 4.984 GC heap before
{Heap before GC invocations=4 (full 0):
 garbage-first heap   total reserved 2013184K, committed 72704K, used 52155K [0x0000000085200000, 0x0000000100000000)
  region size 1024K, 37 young (37888K), 7 survivors (7168K)
 Metaspace       used 32510K, committed 32896K, reserved 1114112K
  class space    used 3437K, committed 3584K, reserved 1048576K
}
Event: 4.996 GC heap after
{Heap after GC invocations=5 (full 0):
 garbage-first heap   total reserved 2013184K, committed 72704K, used 24324K [0x0000000085200000, 0x0000000100000000)
  region size 1024K, 3 young (3072K), 3 survivors (3072K)
 Metaspace       used 32510K, committed 32896K, reserved 1114112K
  class space    used 3437K, committed 3584K, reserved 1048576K
}
Event: 5.404 GC heap before
{Heap before GC invocations=5 (full 0):
 garbage-first heap   total reserved 2013184K, committed 72704K, used 40708K [0x0000000085200000, 0x0000000100000000)
  region size 1024K, 19 young (19456K), 3 survivors (3072K)
 Metaspace       used 35576K, committed 35968K, reserved 1114112K
  class space    used 3764K, committed 3904K, reserved 1048576K
}
Event: 5.412 GC heap after
{Heap after GC invocations=6 (full 0):
 garbage-first heap   total reserved 2013184K, committed 72704K, used 25166K [0x0000000085200000, 0x0000000100000000)
  region size 1024K, 4 young (4096K), 4 survivors (4096K)
 Metaspace       used 35576K, committed 35968K, reserved 1114112K
  class space    used 3764K, committed 3904K, reserved 1048576K
}
Event: 6.281 GC heap before
{Heap before GC invocations=7 (full 0):
 garbage-first heap   total reserved 2013184K, committed 72704K, used 55886K [0x0000000085200000, 0x0000000100000000)
  region size 1024K, 35 young (35840K), 4 survivors (4096K)
 Metaspace       used 41260K, committed 41664K, reserved 1114112K
  class space    used 4525K, committed 4672K, reserved 1048576K
}
Event: 6.286 GC heap after
{Heap after GC invocations=8 (full 0):
 garbage-first heap   total reserved 2013184K, committed 72704K, used 28079K [0x0000000085200000, 0x0000000100000000)
  region size 1024K, 5 young (5120K), 5 survivors (5120K)
 Metaspace       used 41260K, committed 41664K, reserved 1114112K
  class space    used 4525K, committed 4672K, reserved 1048576K
}
Event: 7.233 GC heap before
{Heap before GC invocations=8 (full 0):
 garbage-first heap   total reserved 2013184K, committed 72704K, used 57775K [0x0000000085200000, 0x0000000100000000)
  region size 1024K, 35 young (35840K), 5 survivors (5120K)
 Metaspace       used 49153K, committed 49600K, reserved 1114112K
  class space    used 5289K, committed 5504K, reserved 1048576K
}
Event: 7.239 GC heap after
{Heap after GC invocations=9 (full 0):
 garbage-first heap   total reserved 2013184K, committed 72704K, used 31212K [0x0000000085200000, 0x0000000100000000)
  region size 1024K, 4 young (4096K), 4 survivors (4096K)
 Metaspace       used 49153K, committed 49600K, reserved 1114112K
  class space    used 5289K, committed 5504K, reserved 1048576K
}
Event: 8.290 GC heap before
{Heap before GC invocations=9 (full 0):
 garbage-first heap   total reserved 2013184K, committed 72704K, used 60908K [0x0000000085200000, 0x0000000100000000)
  region size 1024K, 33 young (33792K), 4 survivors (4096K)
 Metaspace       used 52936K, committed 53504K, reserved 1114112K
  class space    used 5767K, committed 6016K, reserved 1048576K
}
Event: 8.295 GC heap after
{Heap after GC invocations=10 (full 0):
 garbage-first heap   total reserved 2013184K, committed 72704K, used 34230K [0x0000000085200000, 0x0000000100000000)
  region size 1024K, 4 young (4096K), 4 survivors (4096K)
 Metaspace       used 52936K, committed 53504K, reserved 1114112K
  class space    used 5767K, committed 6016K, reserved 1048576K
}
Event: 158.987 GC heap before
{Heap before GC invocations=10 (full 0):
 garbage-first heap   total reserved 2013184K, committed 72704K, used 60854K [0x0000000085200000, 0x0000000100000000)
  region size 1024K, 31 young (31744K), 4 survivors (4096K)
 Metaspace       used 56907K, committed 57472K, reserved 1114112K
  class space    used 6202K, committed 6400K, reserved 1048576K
}
Event: 158.997 GC heap after
{Heap after GC invocations=11 (full 0):
 garbage-first heap   total reserved 2013184K, committed 72704K, used 36539K [0x0000000085200000, 0x0000000100000000)
  region size 1024K, 3 young (3072K), 3 survivors (3072K)
 Metaspace       used 56907K, committed 57472K, reserved 1114112K
  class space    used 6202K, committed 6400K, reserved 1048576K
}

